<?xml version="1.0" encoding="UTF-8"?>
<!-- Generated by org.testng.reporters.JUnitXMLReporter -->
<testsuite ignored="8" hostname="DESKTOP-FLUNI64" failures="0" tests="1" name="Default test" time="77.091" errors="0" timestamp="2024-12-05T13:37:37 IST">
  <testcase classname="com.orangehrm.qa.testcases.DashboardPageTest" name="helpButtonTest" time="5.351"/>
  <testcase classname="com.orangehrm.qa.testcases.DashboardPageTest" name="headerDropdownSupportTest" time="0.0">
    <ignored/>
  </testcase> <!-- headerDropdownSupportTest -->
  <testcase classname="com.orangehrm.qa.testcases.DashboardPageTest" name="labelUsernameTest" time="0.0">
    <ignored/>
  </testcase> <!-- labelUsernameTest -->
  <testcase classname="com.orangehrm.qa.testcases.DashboardPageTest" name="headerDropdownAboutTest" time="0.0">
    <ignored/>
  </testcase> <!-- headerDropdownAboutTest -->
  <testcase classname="com.orangehrm.qa.testcases.DashboardPageTest" name="labelUsernameImageTest" time="0.0">
    <ignored/>
  </testcase> <!-- labelUsernameImageTest -->
  <testcase classname="com.orangehrm.qa.testcases.DashboardPageTest" name="headerDropdownChangePasswordTest" time="0.0">
    <ignored/>
  </testcase> <!-- headerDropdownChangePasswordTest -->
  <testcase classname="com.orangehrm.qa.testcases.DashboardPageTest" name="labelUsernameDropdownIconTest" time="0.0">
    <ignored/>
  </testcase> <!-- labelUsernameDropdownIconTest -->
  <testcase classname="com.orangehrm.qa.testcases.DashboardPageTest" name="upgradeLinkTest" time="0.0">
    <ignored/>
  </testcase> <!-- upgradeLinkTest -->
  <testcase classname="com.orangehrm.qa.testcases.DashboardPageTest" name="headerDropdownLogout" time="0.0">
    <ignored/>
  </testcase> <!-- headerDropdownLogout -->
</testsuite> <!-- Default test -->
